# Logfile created on 2014-01-20 20:22:05 -0800 by logger.rb/36483
I, [2014-01-20T20:22:05.870585 #11720]  INFO -- : 0:  rake (10.1.1) from /Library/Ruby/Gems/2.0.0/specifications/rake-10.1.1.gemspec
I, [2014-01-20T20:22:05.872178 #11720]  INFO -- : 0:  i18n (0.6.9) from /Library/Ruby/Gems/2.0.0/specifications/i18n-0.6.9.gemspec
I, [2014-01-20T20:22:05.872600 #11720]  INFO -- : 0:  minitest (4.7.5) from /Library/Ruby/Gems/2.0.0/specifications/minitest-4.7.5.gemspec
I, [2014-01-20T20:22:05.872989 #11720]  INFO -- : 0:  multi_json (1.8.4) from /Library/Ruby/Gems/2.0.0/specifications/multi_json-1.8.4.gemspec
I, [2014-01-20T20:22:05.873343 #11720]  INFO -- : 0:  atomic (1.1.14) from /Library/Ruby/Gems/2.0.0/specifications/atomic-1.1.14.gemspec
I, [2014-01-20T20:22:05.880294 #11720]  INFO -- : 0:  thread_safe (0.1.3) from /Library/Ruby/Gems/2.0.0/specifications/thread_safe-0.1.3.gemspec
I, [2014-01-20T20:22:05.880772 #11720]  INFO -- : 0:  tzinfo (0.3.38) from /Library/Ruby/Gems/2.0.0/specifications/tzinfo-0.3.38.gemspec
I, [2014-01-20T20:22:05.881190 #11720]  INFO -- : 0:  activesupport (4.0.2) from /Library/Ruby/Gems/2.0.0/specifications/activesupport-4.0.2.gemspec
I, [2014-01-20T20:22:05.881715 #11720]  INFO -- : 0:  builder (3.1.4) from /Library/Ruby/Gems/2.0.0/specifications/builder-3.1.4.gemspec
I, [2014-01-20T20:22:05.882585 #11720]  INFO -- : 0:  erubis (2.7.0) from /Library/Ruby/Gems/2.0.0/specifications/erubis-2.7.0.gemspec
I, [2014-01-20T20:22:05.883044 #11720]  INFO -- : 0:  rack (1.5.2) from /Library/Ruby/Gems/2.0.0/specifications/rack-1.5.2.gemspec
I, [2014-01-20T20:22:05.883498 #11720]  INFO -- : 0:  rack-test (0.6.2) from /Library/Ruby/Gems/2.0.0/specifications/rack-test-0.6.2.gemspec
I, [2014-01-20T20:22:05.883986 #11720]  INFO -- : 0:  actionpack (4.0.2) from /Library/Ruby/Gems/2.0.0/specifications/actionpack-4.0.2.gemspec
I, [2014-01-20T20:22:05.884527 #11720]  INFO -- : 0:  mime-types (1.25.1) from /Library/Ruby/Gems/2.0.0/specifications/mime-types-1.25.1.gemspec
I, [2014-01-20T20:22:05.885024 #11720]  INFO -- : 0:  polyglot (0.3.3) from /Library/Ruby/Gems/2.0.0/specifications/polyglot-0.3.3.gemspec
I, [2014-01-20T20:22:05.885481 #11720]  INFO -- : 0:  treetop (1.4.15) from /Library/Ruby/Gems/2.0.0/specifications/treetop-1.4.15.gemspec
I, [2014-01-20T20:22:05.885956 #11720]  INFO -- : 0:  mail (2.5.4) from /Library/Ruby/Gems/2.0.0/specifications/mail-2.5.4.gemspec
I, [2014-01-20T20:22:05.886450 #11720]  INFO -- : 0:  actionmailer (4.0.2) from /Library/Ruby/Gems/2.0.0/specifications/actionmailer-4.0.2.gemspec
I, [2014-01-20T20:22:05.886946 #11720]  INFO -- : 0:  activemodel (4.0.2) from /Library/Ruby/Gems/2.0.0/specifications/activemodel-4.0.2.gemspec
I, [2014-01-20T20:22:05.887622 #11720]  INFO -- : 0:  activerecord-deprecated_finders (1.0.3) from /Library/Ruby/Gems/2.0.0/specifications/activerecord-deprecated_finders-1.0.3.gemspec
I, [2014-01-20T20:22:05.887967 #11720]  INFO -- : 0:  arel (4.0.1) from /Library/Ruby/Gems/2.0.0/specifications/arel-4.0.1.gemspec
I, [2014-01-20T20:22:05.888330 #11720]  INFO -- : 0:  activerecord (4.0.2) from /Library/Ruby/Gems/2.0.0/specifications/activerecord-4.0.2.gemspec
I, [2014-01-20T20:22:05.888645 #11720]  INFO -- : 0:  coffee-script-source (1.6.3) from /Library/Ruby/Gems/2.0.0/specifications/coffee-script-source-1.6.3.gemspec
I, [2014-01-20T20:22:05.888920 #11720]  INFO -- : 0:  execjs (2.0.2) from /Library/Ruby/Gems/2.0.0/specifications/execjs-2.0.2.gemspec
I, [2014-01-20T20:22:05.889222 #11720]  INFO -- : 0:  coffee-script (2.2.0) from /Library/Ruby/Gems/2.0.0/specifications/coffee-script-2.2.0.gemspec
I, [2014-01-20T20:22:05.889523 #11720]  INFO -- : 0:  thor (0.18.1) from /Library/Ruby/Gems/2.0.0/specifications/thor-0.18.1.gemspec
I, [2014-01-20T20:22:05.889793 #11720]  INFO -- : 0:  railties (4.0.2) from /Library/Ruby/Gems/2.0.0/specifications/railties-4.0.2.gemspec
I, [2014-01-20T20:22:05.890096 #11720]  INFO -- : 0:  coffee-rails (4.0.1) from /Library/Ruby/Gems/2.0.0/specifications/coffee-rails-4.0.1.gemspec
I, [2014-01-20T20:22:05.890364 #11720]  INFO -- : 0:  hike (1.2.3) from /Library/Ruby/Gems/2.0.0/specifications/hike-1.2.3.gemspec
I, [2014-01-20T20:22:05.890681 #11720]  INFO -- : 0:  jbuilder (1.5.3) from /Library/Ruby/Gems/2.0.0/specifications/jbuilder-1.5.3.gemspec
I, [2014-01-20T20:22:05.890977 #11720]  INFO -- : 0:  jquery-rails (3.0.4) from /Library/Ruby/Gems/2.0.0/specifications/jquery-rails-3.0.4.gemspec
I, [2014-01-20T20:22:05.891280 #11720]  INFO -- : 0:  json (1.8.1) from /Library/Ruby/Gems/2.0.0/specifications/json-1.8.1.gemspec
I, [2014-01-20T20:22:05.891533 #11720]  INFO -- : 0:  bundler (1.5.1) from /Library/Ruby/Gems/2.0.0/specifications/bundler-1.5.1.gemspec
I, [2014-01-20T20:22:05.891832 #11720]  INFO -- : 0:  tilt (1.4.1) from /Library/Ruby/Gems/2.0.0/specifications/tilt-1.4.1.gemspec
I, [2014-01-20T20:22:05.892128 #11720]  INFO -- : 0:  sprockets (2.10.1) from /Library/Ruby/Gems/2.0.0/specifications/sprockets-2.10.1.gemspec
I, [2014-01-20T20:22:05.892449 #11720]  INFO -- : 0:  sprockets-rails (2.0.1) from /Library/Ruby/Gems/2.0.0/specifications/sprockets-rails-2.0.1.gemspec
I, [2014-01-20T20:22:05.892727 #11720]  INFO -- : 0:  rails (4.0.2) from /Library/Ruby/Gems/2.0.0/specifications/rails-4.0.2.gemspec
I, [2014-01-20T20:22:05.892975 #11720]  INFO -- : 0:  rdoc (4.1.1) from /Library/Ruby/Gems/2.0.0/specifications/rdoc-4.1.1.gemspec
I, [2014-01-20T20:22:05.893250 #11720]  INFO -- : 0:  sass (3.2.13) from /Library/Ruby/Gems/2.0.0/specifications/sass-3.2.13.gemspec
I, [2014-01-20T20:22:05.893528 #11720]  INFO -- : 0:  sass-rails (4.0.1) from /Library/Ruby/Gems/2.0.0/specifications/sass-rails-4.0.1.gemspec
I, [2014-01-20T20:22:05.893776 #11720]  INFO -- : 0:  sdoc (0.4.0) from /Library/Ruby/Gems/2.0.0/specifications/sdoc-0.4.0.gemspec
I, [2014-01-20T20:22:05.894060 #11720]  INFO -- : 0:  sqlite3 (1.3.8) from /Library/Ruby/Gems/2.0.0/specifications/sqlite3-1.3.8.gemspec
I, [2014-01-20T20:22:05.894338 #11720]  INFO -- : 0:  turbolinks (2.2.0) from /Library/Ruby/Gems/2.0.0/specifications/turbolinks-2.2.0.gemspec
I, [2014-01-20T20:22:05.894585 #11720]  INFO -- : 0:  uglifier (2.4.0) from /Library/Ruby/Gems/2.0.0/specifications/uglifier-2.4.0.gemspec
I, [2014-01-20T20:39:55.302656 #12044]  INFO -- : 0:  rake (10.1.1) from /Library/Ruby/Gems/2.0.0/specifications/rake-10.1.1.gemspec
I, [2014-01-20T20:39:55.304462 #12044]  INFO -- : 0:  i18n (0.6.9) from /Library/Ruby/Gems/2.0.0/specifications/i18n-0.6.9.gemspec
I, [2014-01-20T20:39:55.304965 #12044]  INFO -- : 0:  minitest (4.7.5) from /Library/Ruby/Gems/2.0.0/specifications/minitest-4.7.5.gemspec
I, [2014-01-20T20:39:55.305401 #12044]  INFO -- : 0:  multi_json (1.8.4) from /Library/Ruby/Gems/2.0.0/specifications/multi_json-1.8.4.gemspec
I, [2014-01-20T20:39:55.305803 #12044]  INFO -- : 0:  atomic (1.1.14) from /Library/Ruby/Gems/2.0.0/specifications/atomic-1.1.14.gemspec
I, [2014-01-20T20:39:55.312922 #12044]  INFO -- : 0:  thread_safe (0.1.3) from /Library/Ruby/Gems/2.0.0/specifications/thread_safe-0.1.3.gemspec
I, [2014-01-20T20:39:55.313375 #12044]  INFO -- : 0:  tzinfo (0.3.38) from /Library/Ruby/Gems/2.0.0/specifications/tzinfo-0.3.38.gemspec
I, [2014-01-20T20:39:55.313766 #12044]  INFO -- : 0:  activesupport (4.0.2) from /Library/Ruby/Gems/2.0.0/specifications/activesupport-4.0.2.gemspec
I, [2014-01-20T20:39:55.314078 #12044]  INFO -- : 0:  builder (3.1.4) from /Library/Ruby/Gems/2.0.0/specifications/builder-3.1.4.gemspec
I, [2014-01-20T20:39:55.314401 #12044]  INFO -- : 0:  erubis (2.7.0) from /Library/Ruby/Gems/2.0.0/specifications/erubis-2.7.0.gemspec
I, [2014-01-20T20:39:55.314693 #12044]  INFO -- : 0:  rack (1.5.2) from /Library/Ruby/Gems/2.0.0/specifications/rack-1.5.2.gemspec
I, [2014-01-20T20:39:55.314950 #12044]  INFO -- : 0:  rack-test (0.6.2) from /Library/Ruby/Gems/2.0.0/specifications/rack-test-0.6.2.gemspec
I, [2014-01-20T20:39:55.315201 #12044]  INFO -- : 0:  actionpack (4.0.2) from /Library/Ruby/Gems/2.0.0/specifications/actionpack-4.0.2.gemspec
I, [2014-01-20T20:39:55.315428 #12044]  INFO -- : 0:  mime-types (1.25.1) from /Library/Ruby/Gems/2.0.0/specifications/mime-types-1.25.1.gemspec
I, [2014-01-20T20:39:55.315687 #12044]  INFO -- : 0:  polyglot (0.3.3) from /Library/Ruby/Gems/2.0.0/specifications/polyglot-0.3.3.gemspec
I, [2014-01-20T20:39:55.315985 #12044]  INFO -- : 0:  treetop (1.4.15) from /Library/Ruby/Gems/2.0.0/specifications/treetop-1.4.15.gemspec
I, [2014-01-20T20:39:55.316235 #12044]  INFO -- : 0:  mail (2.5.4) from /Library/Ruby/Gems/2.0.0/specifications/mail-2.5.4.gemspec
I, [2014-01-20T20:39:55.316490 #12044]  INFO -- : 0:  actionmailer (4.0.2) from /Library/Ruby/Gems/2.0.0/specifications/actionmailer-4.0.2.gemspec
I, [2014-01-20T20:39:55.316743 #12044]  INFO -- : 0:  activemodel (4.0.2) from /Library/Ruby/Gems/2.0.0/specifications/activemodel-4.0.2.gemspec
I, [2014-01-20T20:39:55.317011 #12044]  INFO -- : 0:  activerecord-deprecated_finders (1.0.3) from /Library/Ruby/Gems/2.0.0/specifications/activerecord-deprecated_finders-1.0.3.gemspec
I, [2014-01-20T20:39:55.317254 #12044]  INFO -- : 0:  arel (4.0.1) from /Library/Ruby/Gems/2.0.0/specifications/arel-4.0.1.gemspec
I, [2014-01-20T20:39:55.317527 #12044]  INFO -- : 0:  activerecord (4.0.2) from /Library/Ruby/Gems/2.0.0/specifications/activerecord-4.0.2.gemspec
I, [2014-01-20T20:39:55.317798 #12044]  INFO -- : 0:  coffee-script-source (1.6.3) from /Library/Ruby/Gems/2.0.0/specifications/coffee-script-source-1.6.3.gemspec
I, [2014-01-20T20:39:55.318038 #12044]  INFO -- : 0:  execjs (2.0.2) from /Library/Ruby/Gems/2.0.0/specifications/execjs-2.0.2.gemspec
I, [2014-01-20T20:39:55.318314 #12044]  INFO -- : 0:  coffee-script (2.2.0) from /Library/Ruby/Gems/2.0.0/specifications/coffee-script-2.2.0.gemspec
I, [2014-01-20T20:39:55.318589 #12044]  INFO -- : 0:  thor (0.18.1) from /Library/Ruby/Gems/2.0.0/specifications/thor-0.18.1.gemspec
I, [2014-01-20T20:39:55.318840 #12044]  INFO -- : 0:  railties (4.0.2) from /Library/Ruby/Gems/2.0.0/specifications/railties-4.0.2.gemspec
I, [2014-01-20T20:39:55.319121 #12044]  INFO -- : 0:  coffee-rails (4.0.1) from /Library/Ruby/Gems/2.0.0/specifications/coffee-rails-4.0.1.gemspec
I, [2014-01-20T20:39:55.319391 #12044]  INFO -- : 0:  hike (1.2.3) from /Library/Ruby/Gems/2.0.0/specifications/hike-1.2.3.gemspec
I, [2014-01-20T20:39:55.319639 #12044]  INFO -- : 0:  jbuilder (1.5.3) from /Library/Ruby/Gems/2.0.0/specifications/jbuilder-1.5.3.gemspec
I, [2014-01-20T20:39:55.319914 #12044]  INFO -- : 0:  jquery-rails (3.0.4) from /Library/Ruby/Gems/2.0.0/specifications/jquery-rails-3.0.4.gemspec
I, [2014-01-20T20:39:55.320272 #12044]  INFO -- : 0:  json (1.8.1) from /Library/Ruby/Gems/2.0.0/specifications/json-1.8.1.gemspec
I, [2014-01-20T20:39:55.320669 #12044]  INFO -- : 0:  bundler (1.5.1) from /Library/Ruby/Gems/2.0.0/specifications/bundler-1.5.1.gemspec
I, [2014-01-20T20:39:55.320952 #12044]  INFO -- : 0:  tilt (1.4.1) from /Library/Ruby/Gems/2.0.0/specifications/tilt-1.4.1.gemspec
I, [2014-01-20T20:39:55.321227 #12044]  INFO -- : 0:  sprockets (2.10.1) from /Library/Ruby/Gems/2.0.0/specifications/sprockets-2.10.1.gemspec
I, [2014-01-20T20:39:55.321505 #12044]  INFO -- : 0:  sprockets-rails (2.0.1) from /Library/Ruby/Gems/2.0.0/specifications/sprockets-rails-2.0.1.gemspec
I, [2014-01-20T20:39:55.321782 #12044]  INFO -- : 0:  rails (4.0.2) from /Library/Ruby/Gems/2.0.0/specifications/rails-4.0.2.gemspec
I, [2014-01-20T20:39:55.322026 #12044]  INFO -- : 0:  rdoc (4.1.1) from /Library/Ruby/Gems/2.0.0/specifications/rdoc-4.1.1.gemspec
I, [2014-01-20T20:39:55.322297 #12044]  INFO -- : 0:  sass (3.2.13) from /Library/Ruby/Gems/2.0.0/specifications/sass-3.2.13.gemspec
I, [2014-01-20T20:39:55.322573 #12044]  INFO -- : 0:  sass-rails (4.0.1) from /Library/Ruby/Gems/2.0.0/specifications/sass-rails-4.0.1.gemspec
I, [2014-01-20T20:39:55.322814 #12044]  INFO -- : 0:  sdoc (0.4.0) from /Library/Ruby/Gems/2.0.0/specifications/sdoc-0.4.0.gemspec
I, [2014-01-20T20:39:55.323095 #12044]  INFO -- : 0:  sqlite3 (1.3.8) from /Library/Ruby/Gems/2.0.0/specifications/sqlite3-1.3.8.gemspec
I, [2014-01-20T20:39:55.323368 #12044]  INFO -- : 0:  turbolinks (2.2.0) from /Library/Ruby/Gems/2.0.0/specifications/turbolinks-2.2.0.gemspec
I, [2014-01-20T20:39:55.323641 #12044]  INFO -- : 0:  uglifier (2.4.0) from /Library/Ruby/Gems/2.0.0/specifications/uglifier-2.4.0.gemspec
